<?xml version="1.0" encoding="UTF-8"?>
<testsuite xmlns:xsi="http://www.w3.org/2001/XMLSchema-instance" xsi:noNamespaceSchemaLocation="https://maven.apache.org/surefire/maven-surefire-plugin/xsd/surefire-test-report.xsd" name="cl.klawx3.ChapterOneTest" time="0.031" tests="8" errors="0" skipped="0" failures="0">
  <properties>
[...]
</properties>
  <testcase name="testStringHavaUniqueCharacterImproved" classname="cl.klawx3.ChapterOneTest" time="0.001"/>
  <testcase name="testURIlify" classname="cl.klawx3.ChapterOneTest" time="0.001"/>
  <testcase name="oneAwayTest" classname="cl.klawx3.ChapterOneTest" time="0"/>
  <testcase name="testStringHaveUniqueCharacters" classname="cl.klawx3.ChapterOneTest" time="0"/>
  <testcase name="testStringHavaUniqueCharacterNoDataStr" classname="cl.klawx3.ChapterOneTest" time="0"/>
  <testcase name="palindromePermutation" classname="cl.klawx3.ChapterOneTest" time="0"/>
  <testcase name="stringCompression" classname="cl.klawx3.ChapterOneTest" time="0"/>
  <testcase name="testZeroMatrix" classname="cl.klawx3.ChapterOneTest" time="0.01"/>
</testsuite>